<?xml version="1.0" encoding="UTF-8"?>
<testsuite name="testClean.TestAddNote" tests="2" skipped="0" failures="0" errors="0" timestamp="2020-09-27T03:09:27" hostname="SERGIO-PC" time="43.609">
  <properties/>
  <testcase name="verifyAddNote" classname="testClean.TestAddNote" time="20.65"/>
  <testcase name="verifyDeleteNote" classname="testClean.TestAddNote" time="22.959"/>
  <system-out><![CDATA[]]></system-out>
  <system-err><![CDATA[sep 26, 2020 11:09:35 PM io.appium.java_client.remote.AppiumCommandExecutor$1 lambda$0
INFORMACIÓN: Detected dialect: W3C
sep 26, 2020 11:09:55 PM io.appium.java_client.remote.AppiumCommandExecutor$1 lambda$0
INFORMACIÓN: Detected dialect: W3C
]]></system-err>
</testsuite>
