<?xml version="1.0" encoding="UTF-8"?>
<testsuite name="testClean.TestAddNote" tests="2" skipped="0" failures="0" errors="0" timestamp="2020-09-27T05:09:59" hostname="SERGIO-PC" time="45.979">
  <properties/>
  <testcase name="verifyAddNote" classname="testClean.TestAddNote" time="22.056"/>
  <testcase name="verifyDeleteNote" classname="testClean.TestAddNote" time="23.923"/>
  <system-out><![CDATA[]]></system-out>
  <system-err><![CDATA[sep 27, 2020 1:10:06 AM io.appium.java_client.remote.AppiumCommandExecutor$1 lambda$0
INFORMACIÓN: Detected dialect: W3C
sep 27, 2020 1:10:29 AM io.appium.java_client.remote.AppiumCommandExecutor$1 lambda$0
INFORMACIÓN: Detected dialect: W3C
]]></system-err>
</testsuite>
